"Storage.client_sales successfully updated"
"Storage.client_info successfully updated"
"Clients successfully updated"
Running via Spring preloader in process 3366081
"ClientSale successfully updated"
"Precalculate successfully updated"
Running via Spring preloader in process 3366095
"Storage.client_sales successfully updated"
"Storage.client_info successfully updated"
"Clients successfully updated"
Running via Spring preloader in process 3369741
"ClientSale successfully updated"
"Precalculate successfully updated"
Running via Spring preloader in process 3369746
"Storage.client_sales successfully updated"
"Storage.client_info successfully updated"
"Clients successfully updated"
Running via Spring preloader in process 3370796
"ClientSale successfully updated"
"Precalculate successfully updated"
Running via Spring preloader in process 3370789
"Storage.client_sales successfully updated"
"Storage.client_info successfully updated"
"Clients successfully updated"
Running via Spring preloader in process 3372616
"ClientSale successfully updated"
"Precalculate successfully updated"
Running via Spring preloader in process 3372608
